C51 COMPILER V9.55   BUZZER                                                                05/23/2018 13:57:11 PAGE 1   


C51 COMPILER V9.55, COMPILATION OF MODULE BUZZER
OBJECT MODULE PLACED IN .\Objects\buzzer.obj
COMPILER INVOKED BY: C:\Keil_v5\C51\BIN\C51.EXE buzzer.c OPTIMIZE(8,SPEED) BROWSE DEBUG OBJECTEXTEND PRINT(.\Listings\bu
                    -zzer.lst) TABS(2) OBJECT(.\Objects\buzzer.obj)

line level    source

   1          #include<buzzer.h>
   2          #include<reg52.h>
   3          
   4          sbit BUZZER = P3^3;
   5          
   6          void sound_buzzer_teclado(){
   7   1        
   8   1        //Nota medida: C#7 - 2217.46 Hz = 831 ciclos do timer
   9   1        //Valor do timer: FCC1
  10   1        short int i = 0;
  11   1        TR0 = 0;
  12   1        TF0 = 0; //limpa a flag de estouro
  13   1        TMOD &= 0xF0;
  14   1        TMOD |= 0x01; //timer de 16 bits 
  15   1        TH0 = 0xFC;
  16   1        TL0 = 0xC1;
  17   1        TR0 = 1; //liga o timer
  18   1        BUZZER = 0;
  19   1        for(i = 0;i < 100; i++){
  20   2          while(TF0 == 0);
  21   2          TH0 = 0xFC;
  22   2          TL0 = 0xC1;
  23   2          TF0 = 0;
  24   2          BUZZER = !BUZZER; 
  25   2        }
  26   1      }
  27            
  28          void sound_buzzer_voto(){
  29   1        
  30   1        //Notas: C#7 e C7 
  31   1        //C7 - 2093Hz = 881 ciclos do timer - FC8F
  32   1        //C#7 - 2217.46 Hz = 831 ciclos do timer - FCC1
  33   1      
  34   1        short int i;
  35   1        char n;
  36   1        TR0 = 0;
  37   1        TF0 = 0; //limpa a flag de estouro
  38   1        TMOD &= 0xF0;
  39   1        TMOD |= 0x01; //timer de 16 bits 
  40   1        TH0 = 0xFC;
  41   1        TL0 = 0xC1;
  42   1        TR0 = 1; //liga o timer
  43   1        BUZZER = 0;
  44   1        for (n = 0; n<4; n++){
  45   2          
  46   2          for (i = 0; i < 300; i++){    
  47   3            while(TF0 == 0);
  48   3            TH0 = 0xFC;
  49   3            TL0 = 0xC1;
  50   3            TF0 = 0;
  51   3            BUZZER = !BUZZER;
  52   3          }
  53   2          
  54   2          for (i = 0; i < 300; i++){    
C51 COMPILER V9.55   BUZZER                                                                05/23/2018 13:57:11 PAGE 2   

  55   3            while(TF0 == 0);
  56   3            TH0 = 0xFC;
  57   3            TL0 = 0x8F;
  58   3            TF0 = 0;
  59   3            BUZZER = !BUZZER;
  60   3          }
  61   2        }
  62   1      }


MODULE INFORMATION:   STATIC OVERLAYABLE
   CODE SIZE        =    129    ----
   CONSTANT SIZE    =   ----    ----
   XDATA SIZE       =   ----    ----
   PDATA SIZE       =   ----    ----
   DATA SIZE        =   ----    ----
   IDATA SIZE       =   ----    ----
   BIT SIZE         =   ----    ----
END OF MODULE INFORMATION.


C51 COMPILATION COMPLETE.  0 WARNING(S),  0 ERROR(S)
