C51 COMPILER V9.56.0.0   LCD                                                               05/18/2018 19:59:39 PAGE 1   


C51 COMPILER V9.56.0.0, COMPILATION OF MODULE LCD
OBJECT MODULE PLACED IN .\Objects\lcd.obj
COMPILER INVOKED BY: C:\Keil_v5_C51\C51\BIN\C51.EXE lcd.c OPTIMIZE(8,SPEED) BROWSE DEBUG OBJECTEXTEND PRINT(.\Listings\l
                    -cd.lst) TABS(2) OBJECT(.\Objects\lcd.obj)

line level    source

   1          // Nomes: Davi Nachtigall Lazzarotto   216628
   2          //        Gustavo Fernandes (230357)      
   3          
   4          
   5          #include<reg52.h>
   6          #include<lcd.h>
   7          
   8          sbit RS =P3^6;
   9          sbit E =P3^7;
  10          
  11          void LCD_init(){  
  12   1          
  13   1       escreve_comando(0x38);
  14   1       escreve_comando(0x38);
  15   1       escreve_comando(0x0E);
  16   1       escreve_comando(0x06);
  17   1       escreve_comando(0x01);
  18   1       atraso_clear();
  19   1      
  20   1      }
  21          
  22          void atraso(){  
  23   1        
  24   1          TR0 = 0;
  25   1          TF0 = 0; //limpa a flag de estouro
  26   1          TMOD &= 0xF0;
  27   1          TMOD |= 0x02; //timer de 8 bits com recarga automática  
  28   1        //22,184 Mhz / 12 = 1,848 MHz (fTimer) -> Ttimer = 0,541 us
  29   1        // 40 us -> 74 ciclos - 256 - 74 ciclos = 182 -> valor a ser colocado no registrador
  30   1          TL0 = 182;
  31   1          TR0 = 1; //liga o timer
  32   1          while(TF0 == 0);
  33   1          TR0 = 0;
  34   1        }
  35            
  36          void atraso_clear(){  
  37   1        
  38   1          TR0 = 0;
  39   1          TF0 = 0; //limpa a flag de estouro
  40   1          TMOD &= 0xF0;
  41   1          TMOD |= 0x01;
  42   1         //22,184 Mhz / 12 = 1,848 MHz (fTimer) -> Ttimer = 0,541 us
  43   1         // 1650 us -> 3051 ciclos = 62485 (F415) -> valor a ser colocado no registrador
  44   1          TH0 = 0xF4;
  45   1          TL0 = 0x15;
  46   1          TR0 = 1; //liga o timer
  47   1          while(TF0 == 0);
  48   1          TR0 = 0;
  49   1          }
  50              
  51          void escreve_LCD(char X){
  52   1            RS = 1;
  53   1            P1 = X;
  54   1      
C51 COMPILER V9.56.0.0   LCD                                                               05/18/2018 19:59:39 PAGE 2   

  55   1            E = 1;
  56   1            atraso();
  57   1            E = 0;
  58   1          }
  59          
  60          void escreve_comando(unsigned char com){
  61   1        
  62   1        RS = 0;
  63   1        P1 = com;
  64   1        E = 1;
  65   1        E = 0;
  66   1        atraso();
  67   1      }
  68          
  69          void escreve_mensagem(char* mensagem){
  70   1        
  71   1        char i;
  72   1        for(i = 0; mensagem[i] != 0 ; i++){
  73   2          escreve_LCD(mensagem[i]); 
  74   2        }
  75   1        atraso();
  76   1        
  77   1      }
  78          
  79          void clear_LCD(){
  80   1        escreve_comando(0x01);
  81   1        atraso_clear();
  82   1      }


MODULE INFORMATION:   STATIC OVERLAYABLE
   CODE SIZE        =    142    ----
   CONSTANT SIZE    =   ----    ----
   XDATA SIZE       =   ----    ----
   PDATA SIZE       =   ----    ----
   DATA SIZE        =   ----       3
   IDATA SIZE       =   ----    ----
   BIT SIZE         =   ----    ----
END OF MODULE INFORMATION.


C51 COMPILATION COMPLETE.  0 WARNING(S),  0 ERROR(S)
