C51 COMPILER V9.56.0.0   RELOGIO                                                           05/18/2018 19:59:39 PAGE 1   


C51 COMPILER V9.56.0.0, COMPILATION OF MODULE RELOGIO
OBJECT MODULE PLACED IN .\Objects\relogio.obj
COMPILER INVOKED BY: C:\Keil_v5_C51\C51\BIN\C51.EXE relogio.c OPTIMIZE(8,SPEED) BROWSE DEBUG OBJECTEXTEND PRINT(.\Listin
                    -gs\relogio.lst) TABS(2) OBJECT(.\Objects\relogio.obj)

line level    source

   1          #include<reg52.h>
   2          #include<relogio.h>
   3          
   4          // O tempo de estouro do timer 2 com 16 bits é de 35.5555555 ms
   5          // Pra chegar a 18452 ciclos, ele demora 10 ms
   6          // Pra chegar a 46080 ciclos, ele demora 25 ms (1s/40)
   7          
   8          //65536 - 46080 = 19456 = 0x4C00
   9          
  10          void configura_relogio(){
  11   1        T2CON = 0;
  12   1        TL2 = 0;
  13   1        TH2 = 0x4C;
  14   1        RCAP2L = 0;
  15   1        RCAP2H = 0x4C;
  16   1        TR2 = 1;
  17   1        
  18   1        EA = 1; //habilita as interrrupcoes do chip
  19   1        ET2 = 1;  //habilita interrupcao da serial
  20   1      }
  21          
  22          void atualiza_relogio() interrupt 5 {
  23   1        
  24   1        static char count = 0;
  25   1        TF2 = 0;
  26   1        
  27   1        
  28   1        count ++;
  29   1        
  30   1        if (count >= 40){
  31   2          count = 0;
  32   2          segundo ++;
  33   2          if (segundo >= 60){
  34   3            segundo = 0;
  35   3            minuto ++;
  36   3            if (minuto >= 60){
  37   4              minuto = 0;
  38   4              if (hora >= 24){
  39   5                hora = 0;
  40   5              }
  41   4            }
  42   3          }
  43   2        }
  44   1        
  45   1        
  46   1      }


MODULE INFORMATION:   STATIC OVERLAYABLE
   CODE SIZE        =     82    ----
   CONSTANT SIZE    =   ----    ----
   XDATA SIZE       =   ----    ----
   PDATA SIZE       =   ----    ----
   DATA SIZE        =      1    ----
C51 COMPILER V9.56.0.0   RELOGIO                                                           05/18/2018 19:59:39 PAGE 2   

   IDATA SIZE       =   ----    ----
   BIT SIZE         =   ----    ----
END OF MODULE INFORMATION.


C51 COMPILATION COMPLETE.  0 WARNING(S),  0 ERROR(S)
